<?xml version="1.0" encoding="UTF-8"?>
<testsuite xmlns:xsi="http://www.w3.org/2001/XMLSchema-instance" xsi:noNamespaceSchemaLocation="https://maven.apache.org/surefire/maven-surefire-plugin/xsd/surefire-test-report-3.0.xsd" version="3.0" name="org.example.controller.DifficultySelectionControllerTest" time="3.025" tests="2" errors="1" skipped="0" failures="0">
  <properties>
[...]
</properties>
  <testcase name="testDifficultyValuesAreCorrect" classname="org.example.controller.DifficultySelectionControllerTest" time="0.377"/>
  <testcase name="testCallbackCalledWithCorrectDifficulty" classname="org.example.controller.DifficultySelectionControllerTest" time="2.625">
    <error type="java.lang.ExceptionInInitializerError"><![CDATA[java.lang.ExceptionInInitializerError
	at javafx.stage.Window.<init>(Window.java:1455)
	at javafx.stage.Stage.<init>(Stage.java:256)
	at javafx.stage.Stage.<init>(Stage.java:244)
	at org.example.view.DifficultySelectionView.show(DifficultySelectionView.java:14)
	at org.example.controller.DifficultySelectionController.displayDifficultySelection(DifficultySelectionController.java:11)
	at org.example.controller.DifficultySelectionControllerTest.testCallbackCalledWithCorrectDifficulty(DifficultySelectionControllerTest.java:32)
	at java.base/java.lang.reflect.Method.invoke(Method.java:580)
	at java.base/java.util.ArrayList.forEach(ArrayList.java:1597)
	at java.base/java.util.ArrayList.forEach(ArrayList.java:1597)
Caused by: java.lang.IllegalStateException: This operation is permitted on the event thread only; currentThread = main
	at com.sun.glass.ui.Application.checkEventThread(Application.java:447)
	at com.sun.glass.ui.Screen.setEventHandler(Screen.java:367)
	at com.sun.javafx.tk.quantum.QuantumToolkit.setScreenConfigurationListener(QuantumToolkit.java:743)
	at javafx.stage.Screen.<clinit>(Screen.java:74)
	... 9 more
]]></error>
  </testcase>
</testsuite>